<?xml version="1.0" encoding="UTF-8"?>
<!-- Generated by org.testng.reporters.JUnitReportReporter -->
<testsuite hostname="HQSML-145482" failures="0" tests="8" name="ww.ww_testng" time="10.055" errors="0" timestamp="2021-03-01T18:36:04 EST" skipped="0">
  <testcase classname="ww.ww_testng" name="clickOnFirstResult" time="3.722"/>
  <system-out/>
  <testcase classname="ww.ww_testng" name="printMeetingsforCoach" time="0.297"/>
  <system-out/>
  <testcase classname="ww.ww_testng" name="verifyHomePageTitle" time="0.032"/>
  <system-out/>
  <testcase classname="ww.ww_testng" name="searchMeetings" time="0.564"/>
  <system-out/>
  <testcase classname="ww.ww_testng" name="printTodayBusinessHrs" time="0.695"/>
  <system-out/>
  <testcase classname="ww.ww_testng" name="verifyFindWorkshopPageTitle" time="0.226"/>
  <system-out/>
  <testcase classname="ww.ww_testng" name="clickOnFindWorkshop" time="3.513"/>
  <system-out/>
  <testcase classname="ww.ww_testng" name="printTitleDistance" time="1.006"/>
  <system-out/>
</testsuite> <!-- ww.ww_testng -->
